670,339,0.0188624972158,2,2,320,359,180,1.0
672,339,0.0188624972158,2,2,320,359,180,1.0
674,339,0.0188624972158,2,2,320,359,180,1.0
676,339,0.0188624972158,2,2,320,359,180,1.0
678,339,0.0188624972158,2,2,320,359,180,1.0
680,339,0.0188624972158,2,2,320,359,180,1.0
682,339,0.0188624972158,2,2,320,359,180,1.0
684,339,0.0188624972158,2,2,320,359,180,1.0
686,339,0.0188624972158,2,2,320,359,180,1.0
688,339,0.0188624972158,2,2,320,359,180,1.0
690,339,0.0188624972158,2,2,320,359,180,1.0
692,339,0.0188624972158,2,2,320,359,180,1.0
694,339,0.0188624972158,2,2,320,359,180,1.0
696,339,0.0188624972158,2,2,320,359,180,1.0
698,339,0.0188624972158,2,2,320,359,180,1.0
700,339,0.0188624972158,2,2,320,359,180,1.0
702,339,0.0188624972158,2,2,320,359,180,1.0
704,339,0.0188624972158,2,2,320,359,180,1.0
706,339,0.0188624972158,2,2,320,359,180,1.0
708,339,0.0188624972158,2,2,320,359,180,1.0
710,339,0.0188624972158,2,2,320,359,180,1.0
712,339,0.0188624972158,2,2,320,359,180,1.0
714,339,0.0188624972158,2,2,320,359,180,1.0
716,339,0.0188624972158,2,2,320,359,180,1.0
718,339,0.0188624972158,2,2,320,359,180,1.0
720,339,0.0188624972158,2,2,320,359,180,1.0
722,338,0.0188624972158,2,2,320,359,180,1.0
724,338,0.0188624972158,2,2,320,359,180,1.0
726,338,0.0188624972158,2,2,320,359,180,1.0
728,338,0.0188624972158,2,2,320,359,180,1.0
730,338,0.0188624972158,2,2,320,359,180,1.0
732,338,0.0188624972158,2,2,320,359,180,1.0
734,338,0.0188624972158,2,2,320,359,180,1.0
736,338,0.0188624972158,2,2,320,359,180,1.0
738,338,0.0188624972158,2,2,320,359,180,1.0
740,338,0.0188624972158,2,2,320,359,180,1.0
742,338,0.0188624972158,2,2,320,359,180,1.0
744,338,0.0188624972158,2,2,320,359,180,1.0
746,338,0.0188624972158,2,2,320,359,180,1.0
748,338,0.0188624972158,2,2,320,359,180,1.0
750,338,0.0188624972158,2,2,320,359,180,1.0
752,338,0.0188624972158,2,2,320,359,180,1.0
754,338,0.0188624972158,2,2,320,359,180,1.0
756,338,0.0188624972158,2,2,320,359,180,1.0
758,338,0.0188624972158,2,2,320,359,180,1.0
760,338,0.0188624972158,2,2,320,359,180,1.0
762,338,0.0188624972158,2,2,320,359,180,1.0
764,338,0.0188624972158,2,2,320,359,180,1.0
766,338,0.0188624972158,2,2,320,359,180,1.0
768,338,0.0188624972158,2,2,320,359,180,1.0
770,338,0.0188624972158,2,2,320,359,180,1.0
772,338,0.0188624972158,2,2,320,359,180,1.0
774,338,0.0188624972158,2,2,320,359,180,1.0
776,337,0.0188624972158,2,2,320,359,180,1.0
778,337,0.0188624972158,2,2,320,359,180,1.0
780,337,0.0188624972158,2,2,320,359,180,1.0
782,337,0.0188624972158,2,2,320,359,180,1.0
784,337,0.0188624972158,2,2,320,359,180,1.0
786,337,0.0188624972158,2,2,320,359,180,1.0
788,337,0.0188624972158,2,2,320,359,180,1.0
790,337,0.0188624972158,2,2,320,359,180,1.0
792,337,0.0188624972158,2,2,320,359,180,1.0
794,337,0.0188624972158,2,2,320,359,180,1.0
796,337,0.0188624972158,2,2,320,359,180,1.0
798,337,0.0188624972158,2,2,320,359,180,1.0
800,337,0.0188624972158,2,2,320,359,180,1.0
802,337,0.0188624972158,2,2,320,359,180,1.0
804,337,0.0188624972158,2,2,320,359,180,1.0
806,337,0.0188624972158,2,2,320,359,180,1.0
808,337,0.0188624972158,2,2,320,359,180,1.0
810,337,0.0188624972158,2,2,320,359,180,1.0
812,337,0.0188624972158,2,2,320,359,180,1.0
814,337,0.0188624972158,2,2,320,359,180,1.0
816,337,0.0188624972158,2,2,320,359,180,1.0
818,337,0.0188624972158,2,2,320,359,180,1.0
820,337,0.0188624972158,2,2,320,359,180,1.0
822,337,0.0188624972158,2,2,320,359,180,1.0
824,337,0.0188624972158,2,2,320,359,180,1.0
826,337,0.0188624972158,2,2,320,359,180,1.0
828,336,0.0188624972158,2,2,320,359,180,1.0
830,336,0.0188624972158,2,2,320,359,180,1.0
832,336,0.0188624972158,2,2,320,359,180,1.0
834,336,0.0188624972158,2,2,320,359,180,1.0
836,336,0.0188624972158,2,2,320,359,180,1.0
838,336,0.0188624972158,2,2,320,359,180,1.0
840,336,0.0188624972158,2,2,320,359,180,1.0
842,336,0.0188624972158,2,2,320,359,180,1.0
844,336,0.0188624972158,2,2,320,359,180,1.0
846,336,0.0188624972158,2,2,320,359,180,1.0
848,336,0.0188624972158,2,2,320,359,180,1.0
850,336,0.0188624972158,2,2,320,359,180,1.0
852,336,0.0188624972158,2,2,320,359,180,1.0
854,336,0.0188624972158,2,2,320,359,180,1.0
856,336,0.0188624972158,2,2,320,359,180,1.0
858,336,0.0188624972158,2,2,320,359,180,1.0
860,336,0.0188624972158,2,2,320,359,180,1.0
862,336,0.0188624972158,2,2,320,359,180,1.0
864,336,0.0188624972158,2,2,320,359,180,1.0
866,336,0.0188624972158,2,2,320,359,180,1.0
868,336,0.0188624972158,2,2,320,359,180,1.0
870,336,0.0188624972158,2,2,320,359,180,1.0
872,336,0.0188624972158,2,2,320,359,180,1.0
874,336,0.0188624972158,2,2,320,359,180,1.0
876,336,0.0188624972158,2,2,320,359,180,1.0
878,336,0.0188624972158,2,2,320,359,180,1.0
880,336,0.0188624972158,2,2,320,359,180,1.0
882,335,0.0188624972158,2,2,320,359,180,1.0
884,335,0.0188624972158,2,2,320,359,180,1.0
886,335,0.0188624972158,2,2,320,359,180,1.0
888,335,0.0188624972158,2,2,320,359,180,1.0
890,335,0.0188624972158,2,2,320,359,180,1.0
892,335,0.0188624972158,2,2,320,359,180,1.0
894,335,0.0188624972158,2,2,320,359,180,1.0
896,335,0.0188624972158,2,2,320,359,180,1.0
898,335,0.0188624972158,2,2,320,359,180,1.0
900,335,0.0188624972158,2,2,320,359,180,1.0
902,335,0.0188624972158,2,2,320,359,180,1.0
904,335,0.0188624972158,2,2,320,359,180,1.0
906,335,0.0188624972158,2,2,320,359,180,1.0
908,335,0.0188624972158,2,2,320,359,180,1.0
910,335,0.0188624972158,2,2,320,359,180,1.0
912,335,0.0188624972158,2,2,320,359,180,1.0
914,335,0.0188624972158,2,2,320,359,180,1.0
916,335,0.0188624972158,2,2,320,359,180,1.0
918,335,0.0188624972158,2,2,320,359,180,1.0
920,335,0.0188624972158,2,2,320,359,180,1.0
922,335,0.0188624972158,2,2,320,359,180,1.0
924,335,0.0188624972158,2,2,320,359,180,1.0
926,335,0.0188624972158,2,2,320,359,180,1.0
928,335,0.0188624972158,2,2,320,359,180,1.0
930,335,0.0188624972158,2,2,320,359,180,1.0
932,335,0.0188624972158,2,2,320,359,180,1.0
934,334,0.0188624972158,2,2,320,359,180,1.0
936,334,0.0188624972158,2,2,320,359,180,1.0
938,334,0.0188624972158,2,2,320,359,180,1.0
940,334,0.0188624972158,2,2,320,359,180,1.0
942,334,0.0188624972158,2,2,320,359,180,1.0
944,334,0.0188624972158,2,2,320,359,180,1.0
946,334,0.0188624972158,2,2,320,359,180,1.0
948,334,0.0188624972158,2,2,320,359,180,1.0
950,334,0.0188624972158,2,2,320,359,180,1.0
952,334,0.0188624972158,2,2,320,359,180,1.0
954,334,0.0188624972158,2,2,320,359,180,1.0
956,334,0.0188624972158,2,2,320,359,180,1.0
958,334,0.0188624972158,2,2,320,359,180,1.0
960,334,0.0188624972158,2,2,320,359,180,1.0
962,334,0.0188624972158,2,2,320,359,180,1.0
964,334,0.0188624972158,2,2,320,359,180,1.0
966,334,0.0188624972158,2,2,320,359,180,1.0
968,334,0.0188624972158,2,2,320,359,180,1.0
970,334,0.0188624972158,2,2,320,359,180,1.0
972,334,0.0188624972158,2,2,320,359,180,1.0
974,334,0.0188624972158,2,2,320,359,180,1.0
976,334,0.0188624972158,2,2,320,359,180,1.0
978,334,0.0188624972158,2,2,320,359,180,1.0
980,334,0.0188624972158,2,2,320,359,180,1.0
982,334,0.0188624972158,2,2,320,359,180,1.0
984,334,0.0188624972158,2,2,320,359,180,1.0
986,334,0.0188624972158,2,2,320,359,180,1.0
988,333,0.0188624972158,2,2,320,359,180,1.0
990,333,0.0188624972158,2,2,320,359,180,1.0
992,333,0.0188624972158,2,2,320,359,180,1.0
994,333,0.0188624972158,2,2,320,359,180,1.0
996,333,0.0188624972158,2,2,320,359,180,1.0
998,333,0.0188624972158,2,2,320,359,180,1.0
1000,333,0.0188624972158,2,2,320,359,180,1.0
1002,333,0.0188624972158,2,2,320,359,180,1.0
1004,333,0.0188624972158,2,2,320,359,180,1.0
1006,333,0.0188624972158,2,2,320,359,180,1.0
1008,333,0.0188624972158,2,2,320,359,180,1.0
1010,333,0.0188624972158,2,2,320,359,180,1.0
1012,333,0.0188624972158,2,2,320,359,180,1.0
1014,333,0.0188624972158,2,2,320,359,180,1.0
1016,333,0.0188624972158,2,2,320,359,180,1.0
1018,333,0.0188624972158,2,2,320,359,180,1.0
1020,333,0.0188624972158,2,2,320,359,180,1.0
1022,333,0.0188624972158,2,2,320,359,180,1.0
1024,333,0.0188624972158,2,2,320,359,180,1.0
1026,333,0.0188624972158,2,2,320,359,180,1.0
1028,333,0.0188624972158,2,2,320,359,180,1.0
668,339,0.937373539128,2,2,960,360,0,1
668,339,0.937373539128,2,2,960,360,0,1
668,339,0.937373539128,2,2,960,360,0,1
668,339,0.937373539128,2,2,960,360,0,1
668,339,0.937373539128,2,2,960,360,0,1
668,339,0.937373539128,2,2,960,360,0,1
668,339,0.937373539128,2,2,960,360,0,1
668,339,0.937373539128,2,2,960,360,0,1
668,339,0.937373539128,2,2,960,360,0,1
668,339,0.937373539128,2,2,960,360,0,1
668,339,0.937373539128,2,2,960,360,0,1
668,339,0.937373539128,2,2,960,360,0,1
668,339,0.937373539128,2,2,960,360,0,1
668,339,0.937373539128,2,2,960,360,0,1
668,339,0.937373539128,2,2,960,360,0,1
668,339,0.937373539128,2,2,960,360,0,1
668,339,0.937373539128,2,2,960,360,0,1
668,339,0.937373539128,2,2,960,360,0,1
668,339,0.937373539128,2,2,960,360,0,1
668,339,0.937373539128,2,2,960,360,0,1
668,339,0.937373539128,2,2,960,360,0,1
668,339,0.937373539128,2,2,960,360,0,1
668,339,0.937373539128,2,2,960,360,0,1
668,339,0.937373539128,2,2,960,360,0,1
668,339,0.937373539128,2,2,960,360,0,1
668,339,0.937373539128,2,2,960,360,0,1
668,339,0.937373539128,2,2,960,360,0,1
668,339,0.937373539128,2,2,960,360,0,1
668,339,0.937373539128,2,2,960,360,0,1
668,339,0.937373539128,2,2,960,360,0,1
668,339,0.937373539128,2,2,960,360,0,1
668,339,0.937373539128,2,2,960,360,0,1
668,339,0.937373539128,2,2,960,360,0,1
668,339,0.937373539128,2,2,960,360,0,1
668,339,0.937373539128,2,2,960,360,0,1
668,339,0.937373539128,2,2,960,360,0,1
668,339,0.937373539128,2,2,960,360,0,1
668,339,0.937373539128,2,2,960,360,0,1
668,339,0.937373539128,2,2,960,360,0,1
668,339,0.937373539128,2,2,960,360,0,1
668,339,0.937373539128,2,2,960,360,0,1
668,339,0.937373539128,2,2,960,360,0,1
668,339,0.937373539128,2,2,960,360,0,1
668,339,0.937373539128,2,2,960,360,0,1
668,339,0.937373539128,2,2,960,360,0,1
668,339,0.937373539128,2,2,960,360,0,1
668,339,0.937373539128,2,2,960,360,0,1
668,339,0.937373539128,2,2,960,360,0,1
668,339,0.937373539128,2,2,960,360,0,1
668,339,0.937373539128,2,2,960,360,0,1
668,339,0.937373539128,2,2,960,360,0,1
668,339,0.937373539128,2,2,960,360,0,1
668,339,0.937373539128,2,2,960,360,0,1
668,339,0.937373539128,2,2,960,360,0,1
668,339,0.937373539128,2,2,960,360,0,1
668,339,0.937373539128,2,2,960,360,0,1
668,339,0.937373539128,2,2,960,360,0,1
668,339,0.937373539128,2,2,960,360,0,1
668,339,0.937373539128,2,2,960,360,0,1
668,339,0.937373539128,2,2,960,360,0,1
668,339,0.937373539128,2,2,960,360,0,1
668,339,0.937373539128,2,2,960,360,0,1
668,339,0.937373539128,2,2,960,360,0,1
668,339,0.937373539128,2,2,960,360,0,1
668,339,0.937373539128,2,2,960,360,0,1
668,339,0.937373539128,2,2,960,360,0,1
668,339,0.937373539128,2,2,960,360,0,1
668,339,0.937373539128,2,2,960,360,0,1
668,339,0.937373539128,2,2,960,360,0,1
668,339,0.937373539128,2,2,960,360,0,1
668,339,0.937373539128,2,2,960,360,0,1
668,339,0.937373539128,2,2,960,360,0,1
668,339,0.937373539128,2,2,960,360,0,1
668,339,0.937373539128,2,2,960,360,0,1
